#
# A fatal error has been detected by the Java Runtime Environment:
#
#  SIGSEGV (0xb) at pc=0x00007f8f2d06907a, pid=5955, tid=140252698502912
#
# JRE version: Java(TM) SE Runtime Environment (8.0_05-b13) (build 1.8.0_05-b13)
# Java VM: Java HotSpot(TM) 64-Bit Server VM (25.5-b02 mixed mode linux-amd64 compressed oops)
# Problematic frame:
# v  ~BufferBlob::jni_fast_GetLongField
#
# Failed to write core dump. Core dumps have been disabled. To enable core dumping, try "ulimit -c unlimited" before starting Java again
#
# If you would like to submit a bug report, please visit:
#   http://bugreport.sun.com/bugreport/crash.jsp
# The crash happened outside the Java Virtual Machine in native code.
# See problematic frame for where to report the bug.
#

---------------  T H R E A D  ---------------

Current thread (0x00007f8f3c2a0000):  JavaThread "AWT-XAWT" daemon [_thread_in_native, id=5970, stack(0x00007f8f2035e000,0x00007f8f2045f000)]

siginfo:si_signo=SIGSEGV: si_errno=0, si_code=1 (SEGV_MAPERR), si_addr=0x0000000000000000

Registers:
RAX=0x00007f8f42ff8ea0, RBX=0x00007f8f28b28528, RCX=0x00007f8f43a52320, RDX=0x0000000000000042
RSP=0x00007f8f2045d428, RBP=0x00007f8f2045d450, RSI=0x0000000000000000, RDI=0x00007f8f3c2a01e0
R8 =0x0000000000000005, R9 =0x0000000000000000, R10=0x0000000000000052, R11=0x00007f8f2d283018
R12=0x00007f8f3c2a01e0, R13=0x0000000000000000, R14=0x00007f8f221e3860, R15=0x00007f8f3c2a0000
RIP=0x00007f8f2d06907a, EFLAGS=0x0000000000010246, CSGSFS=0x0000000000000033, ERR=0x0000000000000004
  TRAPNO=0x000000000000000e

Top of Stack: (sp=0x00007f8f2045d428)
0x00007f8f2045d428:   00007f8f21fc36a1 00007f8f28b28528
0x00007f8f2045d438:   0000000000a43080 00007f8f2045d500
0x00007f8f2045d448:   00007f8f2045d4d0 0000000000000000
0x00007f8f2045d458:   00007f8f21aa9ae8 00007f8f28b28528
0x00007f8f2045d468:   00007f8f2045d490 0000000000000000
0x00007f8f2045d478:   00007f8f21aa19a3 00007f8f2045d500
0x00007f8f2045d488:   00007f8f21fbde1f 00007f8f2045d4e0
0x00007f8f2045d498:   00007f8f2d2830b6 0000000000000000
0x00007f8f2045d4a8:   00007f8f2d1d0676 00007f8f2045d500
0x00007f8f2045d4b8:   00007f8f2d1256ec 00007f8f2045d560
0x00007f8f2045d4c8:   0000000083d6b960 0000000083d6a200
0x00007f8f2045d4d8:   0000000000000001 00007f8f2045d560
0x00007f8f2045d4e8:   00007f8f2d006c60 00007f8f2045d560
0x00007f8f2045d4f8:   00007f8f2d006c60 0000000000000000
0x00007f8f2045d508:   00007f8f2d006fa0 00007f8ef4000e30
0x00007f8f2045d518:   0000000083ceae60 00007f8f2045d520
0x00007f8f2045d528:   00007f8f28bf4d5c 00007f8f2045d5a8
0x00007f8f2045d538:   00007f8f28bfec28 0000000000000000
0x00007f8f2045d548:   00007f8f28bf4e90 00007f8f2045d500
0x00007f8f2045d558:   00007f8f2045d5a0 00007f8f2045d5f0
0x00007f8f2045d568:   00007f8f2d0072e0 0000000000000000
0x00007f8f2045d578:   00000000d6ffc1e0 0000000000000000
0x00007f8f2045d588:   0000000000000000 0000000000000000
0x00007f8f2045d598:   0000000083ceae60 0000000000000000
0x00007f8f2045d5a8:   00000000d6fdf488 00007f8f2045d5b0
0x00007f8f2045d5b8:   00007f8f28bf4b9d 00007f8f2045d600
0x00007f8f2045d5c8:   00007f8f28bfec28 0000000000000000
0x00007f8f2045d5d8:   00007f8f28bf4ba8 00007f8f2045d5a0
0x00007f8f2045d5e8:   00007f8f2045d600 00007f8f2045d648
0x00007f8f2045d5f8:   00007f8f2d007325 00000000d6fdf488
0x00007f8f2045d608:   00007f8f2045d608 00007f8f28629e3b
0x00007f8f2045d618:   00007f8f2045d658 00007f8f2869c398 

Instructions: (pc=0x00007f8f2d06907a)
0x00007f8f2d06905a:   00 00 00 00 00 00 44 8b 15 81 51 fc 15 4c 8b ce
0x00007f8f2d06906a:   41 f6 c2 01 0f 85 2e 00 00 00 4d 33 ca 4d 33 ca
0x00007f8f2d06907a:   4d 8b 09 4c 8b da 49 c1 eb 02 4b 8b 04 19 49 bb
0x00007f8f2d06908a:   e8 e1 02 43 8f 7f 00 00 4c 33 d8 4c 33 d8 45 3b 

Register to memory mapping:

RAX=0x00007f8f42ff8ea0: <offset 0xec3ea0> in /usr/lib/jvm/java-8-oracle/jre/lib/amd64/server/libjvm.so at 0x00007f8f42135000
RBX=0x00007f8f28b28528 is an unknown value
RCX=0x00007f8f43a52320: <offset 0x219320> in /lib/x86_64-linux-gnu/libpthread.so.0 at 0x00007f8f43839000
RDX=0x0000000000000042 is an unknown value
RSP=0x00007f8f2045d428 is pointing into the stack for thread: 0x00007f8f3c2a0000
RBP=0x00007f8f2045d450 is pointing into the stack for thread: 0x00007f8f3c2a0000
RSI=0x0000000000000000 is an unknown value
RDI=0x00007f8f3c2a01e0 is an unknown value
R8 =0x0000000000000005 is an unknown value
R9 =0x0000000000000000 is an unknown value
R10=0x0000000000000052 is an unknown value
R11=0x00007f8f2d283018 is at entry_point+24 in (nmethod*)0x00007f8f2d282e90
R12=0x00007f8f3c2a01e0 is an unknown value
R13=0x0000000000000000 is an unknown value
R14=0x00007f8f221e3860: <offset 0x254860> in /usr/lib/jvm/java-8-oracle/jre/lib/amd64/libawt_xawt.so at 0x00007f8f21f8f000
R15=0x00007f8f3c2a0000 is a thread


Stack: [0x00007f8f2035e000,0x00007f8f2045f000],  sp=0x00007f8f2045d428,  free space=1021k
Native frames: (J=compiled Java code, j=interpreted, Vv=VM code, C=native code)
v  ~BufferBlob::jni_fast_GetLongField

Java frames: (J=compiled Java code, j=interpreted, Vv=VM code)
J 589  sun.awt.X11.XlibWrapper.XFilterEvent(JJ)Z (0 bytes) @ 0x00007f8f2d283044 [0x00007f8f2d283000+0x44]
j  sun.awt.X11.XToolkit.run(Z)V+300
j  sun.awt.X11.XToolkit.run()V+5
j  java.lang.Thread.run()V+11
v  ~StubRoutines::call_stub

---------------  P R O C E S S  ---------------

Java Threads: ( => current thread )
  0x00007f8f3c00a800 JavaThread "DestroyJavaVM" [_thread_blocked, id=5957, stack(0x00007f8f43b56000,0x00007f8f43c57000)]
  0x00007f8f3c2e6800 JavaThread "Thread-0" [_thread_blocked, id=5974, stack(0x00007f8f2005b000,0x00007f8f2015c000)]
  0x00007f8f3c2e0800 JavaThread "AWT-EventQueue-0" [_thread_blocked, id=5972, stack(0x00007f8f2015c000,0x00007f8f2025d000)]
  0x00007f8f3c2df000 JavaThread "AWT-Shutdown" [_thread_blocked, id=5971, stack(0x00007f8f2025d000,0x00007f8f2035e000)]
=>0x00007f8f3c2a0000 JavaThread "AWT-XAWT" daemon [_thread_in_native, id=5970, stack(0x00007f8f2035e000,0x00007f8f2045f000)]
  0x00007f8f3c1fc800 JavaThread "Java2D Disposer" daemon [_thread_blocked, id=5969, stack(0x00007f8f20cfe000,0x00007f8f20dff000)]
  0x00007f8f3c0f3000 JavaThread "Monitor Ctrl-Break" daemon [_thread_in_native, id=5968, stack(0x00007f8f2290e000,0x00007f8f22a0f000)]
  0x00007f8f3c0b0000 JavaThread "Service Thread" daemon [_thread_blocked, id=5966, stack(0x00007f8f22d12000,0x00007f8f22e13000)]
  0x00007f8f3c0ad000 JavaThread "C1 CompilerThread1" daemon [_thread_blocked, id=5965, stack(0x00007f8f22e13000,0x00007f8f22f14000)]
  0x00007f8f3c0aa000 JavaThread "C2 CompilerThread0" daemon [_thread_blocked, id=5964, stack(0x00007f8f22f14000,0x00007f8f23015000)]
  0x00007f8f3c0a8000 JavaThread "Signal Dispatcher" daemon [_thread_blocked, id=5963, stack(0x00007f8f23015000,0x00007f8f23116000)]
  0x00007f8f3c078800 JavaThread "Finalizer" daemon [_thread_blocked, id=5962, stack(0x00007f8f237f8000,0x00007f8f238f9000)]
  0x00007f8f3c074800 JavaThread "Reference Handler" daemon [_thread_blocked, id=5961, stack(0x00007f8f238f9000,0x00007f8f239fa000)]

Other Threads:
  0x00007f8f3c06f800 VMThread [stack: 0x00007f8f239fa000,0x00007f8f23afb000] [id=5960]
  0x00007f8f3c0b5000 WatcherThread [stack: 0x00007f8f22c11000,0x00007f8f22d12000] [id=5967]

VM state:not at safepoint (normal execution)

VM Mutex/Monitor currently owned by a thread: None

Heap:
 PSYoungGen      total 6144K, used 2460K [0x00000000d6980000, 0x00000000d7180000, 0x0000000100000000)
  eden space 4096K, 33% used [0x00000000d6980000,0x00000000d6adaf90,0x00000000d6d80000)
  from space 2048K, 52% used [0x00000000d6f80000,0x00000000d708c240,0x00000000d7180000)
  to   space 2048K, 0% used [0x00000000d6d80000,0x00000000d6d80000,0x00000000d6f80000)
 ParOldGen       total 127488K, used 1943K [0x0000000083c00000, 0x000000008b880000, 0x00000000d6980000)
  object space 127488K, 1% used [0x0000000083c00000,0x0000000083de5cd0,0x000000008b880000)
 Metaspace       used 9879K, capacity 10064K, committed 10112K, reserved 1058816K
  class space    used 1096K, capacity 1144K, committed 1152K, reserved 1048576K

Card table byte_map: [0x00007f8f405f1000,0x00007f8f409d4000] byte_map_base: 0x00007f8f401d3000

Marking Bits: (ParMarkBitMap*) 0x00007f8f4302dcc0
 Begin Bits: [0x00007f8f291e0000, 0x00007f8f2b0f0000)
 End Bits:   [0x00007f8f2b0f0000, 0x00007f8f2d000000)

Polling page: 0x00007f8f43c76000

CodeCache: size=245760Kb used=3044Kb max_used=3058Kb free=242715Kb
 bounds [0x00007f8f2d000000, 0x00007f8f2d300000, 0x00007f8f3c000000]
 total_blobs=1189 nmethods=686 adapters=419
 compilation: enabled

Compilation events (10 events):
Event: 270.971 Thread 0x00007f8f3c0aa000  682       4       java.awt.image.VolatileImage::getGraphics (5 bytes)
Event: 270.972 Thread 0x00007f8f3c0aa000 nmethod 682 0x00007f8f2d2d0390 code [0x00007f8f2d2d04e0, 0x00007f8f2d2d0568]
Event: 271.072 Thread 0x00007f8f3c0aa000  683       4       java.awt.Component$FlipBufferStrategy::updateInternalBuffers (38 bytes)
Event: 271.079 Thread 0x00007f8f3c0aa000 nmethod 683 0x00007f8f2d2d8a50 code [0x00007f8f2d2d8be0, 0x00007f8f2d2d8e48]
Event: 271.079 Thread 0x00007f8f3c0aa000  684       4       sun.awt.image.SunVolatileImage::getWidth (5 bytes)
Event: 271.079 Thread 0x00007f8f3c0aa000 nmethod 684 0x00007f8f2d2d4c10 code [0x00007f8f2d2d4d40, 0x00007f8f2d2d4d98]
Event: 271.172 Thread 0x00007f8f3c0aa000  685       4       Graphics.GraphicsDraw::gameRender (105 bytes)
Event: 271.208 Thread 0x00007f8f3c0aa000 nmethod 685 0x00007f8f2d2fc710 code [0x00007f8f2d2fca80, 0x00007f8f2d2fdb68]
Event: 280.438 Thread 0x00007f8f3c0aa000  686   !   4       sun.awt.X11.XKeyboardFocusManagerPeer::getCurrentFocusOwner (16 bytes)
Event: 280.440 Thread 0x00007f8f3c0aa000 nmethod 686 0x00007f8f2d2dea10 code [0x00007f8f2d2deb40, 0x00007f8f2d2ded58]

GC Heap History (10 events):
Event: 0.256 GC heap before
{Heap before GC invocations=2 (full 0):
 PSYoungGen      total 1024K, used 928K [0x00000000d6980000, 0x00000000d6b80000, 0x0000000100000000)
  eden space 512K, 100% used [0x00000000d6980000,0x00000000d6a00000,0x00000000d6a00000)
  from space 512K, 81% used [0x00000000d6a00000,0x00000000d6a68020,0x00000000d6a80000)
  to   space 512K, 0% used [0x00000000d6b00000,0x00000000d6b00000,0x00000000d6b80000)
 ParOldGen       total 127488K, used 0K [0x0000000083c00000, 0x000000008b880000, 0x00000000d6980000)
  object space 127488K, 0% used [0x0000000083c00000,0x0000000083c00000,0x000000008b880000)
 Metaspace       used 3838K, capacity 4572K, committed 4864K, reserved 1056768K
  class space    used 432K, capacity 460K, committed 512K, reserved 1048576K
Event: 0.258 GC heap after
Heap after GC invocations=2 (full 0):
 PSYoungGen      total 1536K, used 480K [0x00000000d6980000, 0x00000000d6b80000, 0x0000000100000000)
  eden space 1024K, 0% used [0x00000000d6980000,0x00000000d6980000,0x00000000d6a80000)
  from space 512K, 93% used [0x00000000d6b00000,0x00000000d6b78020,0x00000000d6b80000)
  to   space 512K, 0% used [0x00000000d6a80000,0x00000000d6a80000,0x00000000d6b00000)
 ParOldGen       total 127488K, used 88K [0x0000000083c00000, 0x000000008b880000, 0x00000000d6980000)
  object space 127488K, 0% used [0x0000000083c00000,0x0000000083c16000,0x000000008b880000)
 Metaspace       used 3838K, capacity 4572K, committed 4864K, reserved 1056768K
  class space    used 432K, capacity 460K, committed 512K, reserved 1048576K
}
Event: 0.350 GC heap before
{Heap before GC invocations=3 (full 0):
 PSYoungGen      total 1536K, used 1438K [0x00000000d6980000, 0x00000000d6b80000, 0x0000000100000000)
  eden space 1024K, 93% used [0x00000000d6980000,0x00000000d6a6fbb0,0x00000000d6a80000)
  from space 512K, 93% used [0x00000000d6b00000,0x00000000d6b78020,0x00000000d6b80000)
  to   space 512K, 0% used [0x00000000d6a80000,0x00000000d6a80000,0x00000000d6b00000)
 ParOldGen       total 127488K, used 88K [0x0000000083c00000, 0x000000008b880000, 0x00000000d6980000)
  object space 127488K, 0% used [0x0000000083c00000,0x0000000083c16000,0x000000008b880000)
 Metaspace       used 5253K, capacity 5298K, committed 5504K, reserved 1056768K
  class space    used 593K, capacity 623K, committed 640K, reserved 1048576K
Event: 0.352 GC heap after
Heap after GC invocations=3 (full 0):
 PSYoungGen      total 1536K, used 512K [0x00000000d6980000, 0x00000000d6c80000, 0x0000000100000000)
  eden space 1024K, 0% used [0x00000000d6980000,0x00000000d6980000,0x00000000d6a80000)
  from space 512K, 100% used [0x00000000d6a80000,0x00000000d6b00000,0x00000000d6b00000)
  to   space 512K, 0% used [0x00000000d6c00000,0x00000000d6c00000,0x00000000d6c80000)
 ParOldGen       total 127488K, used 344K [0x0000000083c00000, 0x000000008b880000, 0x00000000d6980000)
  object space 127488K, 0% used [0x0000000083c00000,0x0000000083c56000,0x000000008b880000)
 Metaspace       used 5253K, capacity 5298K, committed 5504K, reserved 1056768K
  class space    used 593K, capacity 623K, committed 640K, reserved 1048576K
}
Event: 0.386 GC heap before
{Heap before GC invocations=4 (full 0):
 PSYoungGen      total 1536K, used 1536K [0x00000000d6980000, 0x00000000d6c80000, 0x0000000100000000)
  eden space 1024K, 100% used [0x00000000d6980000,0x00000000d6a80000,0x00000000d6a80000)
  from space 512K, 100% used [0x00000000d6a80000,0x00000000d6b00000,0x00000000d6b00000)
  to   space 512K, 0% used [0x00000000d6c00000,0x00000000d6c00000,0x00000000d6c80000)
 ParOldGen       total 127488K, used 344K [0x0000000083c00000, 0x000000008b880000, 0x00000000d6980000)
  object space 127488K, 0% used [0x0000000083c00000,0x0000000083c56000,0x000000008b880000)
 Metaspace       used 5354K, capacity 5490K, committed 5760K, reserved 1056768K
  class space    used 602K, capacity 623K, committed 640K, reserved 1048576K
Event: 0.389 GC heap after
Heap after GC invocations=4 (full 0):
 PSYoungGen      total 2560K, used 512K [0x00000000d6980000, 0x00000000d6c80000, 0x0000000100000000)
  eden space 2048K, 0% used [0x00000000d6980000,0x00000000d6980000,0x00000000d6b80000)
  from space 512K, 100% used [0x00000000d6c00000,0x00000000d6c80000,0x00000000d6c80000)
  to   space 512K, 0% used [0x00000000d6b80000,0x00000000d6b80000,0x00000000d6c00000)
 ParOldGen       total 127488K, used 830K [0x0000000083c00000, 0x000000008b880000, 0x00000000d6980000)
  object space 127488K, 0% used [0x0000000083c00000,0x0000000083ccfa20,0x000000008b880000)
 Metaspace       used 5354K, capacity 5490K, committed 5760K, reserved 1056768K
  class space    used 602K, capacity 623K, committed 640K, reserved 1048576K
}
Event: 0.717 GC heap before
{Heap before GC invocations=5 (full 0):
 PSYoungGen      total 2560K, used 2175K [0x00000000d6980000, 0x00000000d6c80000, 0x0000000100000000)
  eden space 2048K, 81% used [0x00000000d6980000,0x00000000d6b1ffb8,0x00000000d6b80000)
  from space 512K, 100% used [0x00000000d6c00000,0x00000000d6c80000,0x00000000d6c80000)
  to   space 512K, 0% used [0x00000000d6b80000,0x00000000d6b80000,0x00000000d6c00000)
 ParOldGen       total 127488K, used 830K [0x0000000083c00000, 0x000000008b880000, 0x00000000d6980000)
  object space 127488K, 0% used [0x0000000083c00000,0x0000000083ccfa20,0x000000008b880000)
 Metaspace       used 9553K, capacity 9744K, committed 9856K, reserved 1058816K
  class space    used 1091K, capacity 1144K, committed 1152K, reserved 1048576K
Event: 0.726 GC heap after
Heap after GC invocations=5 (full 0):
 PSYoungGen      total 2560K, used 512K [0x00000000d6980000, 0x00000000d7180000, 0x0000000100000000)
  eden space 2048K, 0% used [0x00000000d6980000,0x00000000d6980000,0x00000000d6b80000)
  from space 512K, 100% used [0x00000000d6b80000,0x00000000d6c00000,0x00000000d6c00000)
  to   space 2048K, 0% used [0x00000000d6f80000,0x00000000d6f80000,0x00000000d7180000)
 ParOldGen       total 127488K, used 1943K [0x0000000083c00000, 0x000000008b880000, 0x00000000d6980000)
  object space 127488K, 1% used [0x0000000083c00000,0x0000000083de5cd0,0x000000008b880000)
 Metaspace       used 9553K, capacity 9744K, committed 9856K, reserved 1058816K
  class space    used 1091K, capacity 1144K, committed 1152K, reserved 1048576K
}
Event: 124.208 GC heap before
{Heap before GC invocations=6 (full 0):
 PSYoungGen      total 2560K, used 2560K [0x00000000d6980000, 0x00000000d7180000, 0x0000000100000000)
  eden space 2048K, 100% used [0x00000000d6980000,0x00000000d6b80000,0x00000000d6b80000)
  from space 512K, 100% used [0x00000000d6b80000,0x00000000d6c00000,0x00000000d6c00000)
  to   space 2048K, 0% used [0x00000000d6f80000,0x00000000d6f80000,0x00000000d7180000)
 ParOldGen       total 127488K, used 1943K [0x0000000083c00000, 0x000000008b880000, 0x00000000d6980000)
  object space 127488K, 1% used [0x0000000083c00000,0x0000000083de5cd0,0x000000008b880000)
 Metaspace       used 9871K, capacity 10000K, committed 10112K, reserved 1058816K
  class space    used 1095K, capacity 1144K, committed 1152K, reserved 1048576K
Event: 124.218 GC heap after
Heap after GC invocations=6 (full 0):
 PSYoungGen      total 6144K, used 1072K [0x00000000d6980000, 0x00000000d7180000, 0x0000000100000000)
  eden space 4096K, 0% used [0x00000000d6980000,0x00000000d6980000,0x00000000d6d80000)
  from space 2048K, 52% used [0x00000000d6f80000,0x00000000d708c240,0x00000000d7180000)
  to   space 2048K, 0% used [0x00000000d6d80000,0x00000000d6d80000,0x00000000d6f80000)
 ParOldGen       total 127488K, used 1943K [0x0000000083c00000, 0x000000008b880000, 0x00000000d6980000)
  object space 127488K, 1% used [0x0000000083c00000,0x0000000083de5cd0,0x000000008b880000)
 Metaspace       used 9871K, capacity 10000K, committed 10112K, reserved 1058816K
  class space    used 1095K, capacity 1144K, committed 1152K, reserved 1048576K
}

Deoptimization events (0 events):
No events

Internal exceptions (10 events):
Event: 0.297 Thread 0x00007f8f3c00a800 Exception <a 'java/lang/ClassNotFoundException': java/lang/Null> (0x00000000d69bd9e0) thrown at [/HUDSON/workspace/8-2-build-linux-amd64/jdk8u5/2488/hotspot/src/share/vm/classfile/systemDictionary.cpp, line 202]
Event: 0.317 Thread 0x00007f8f3c00a800 Exception <a 'java/lang/NoSuchFieldError': method resolution failed> (0x00000000d6a141e8) thrown at [/HUDSON/workspace/8-2-build-linux-amd64/jdk8u5/2488/hotspot/src/share/vm/prims/methodHandles.cpp, line 1159]
Event: 0.320 Thread 0x00007f8f3c00a800 Exception <a 'java/lang/NoSuchFieldError': method resolution failed> (0x00000000d6a22d28) thrown at [/HUDSON/workspace/8-2-build-linux-amd64/jdk8u5/2488/hotspot/src/share/vm/prims/methodHandles.cpp, line 1159]
Event: 0.322 Thread 0x00007f8f3c00a800 Exception <a 'java/lang/NoSuchFieldError': method resolution failed> (0x00000000d6a25e88) thrown at [/HUDSON/workspace/8-2-build-linux-amd64/jdk8u5/2488/hotspot/src/share/vm/prims/methodHandles.cpp, line 1159]
Event: 0.383 Thread 0x00007f8f3c00a800 Exception <a 'java/security/PrivilegedActionException'> (0x00000000d6a79130) thrown at [/HUDSON/workspace/8-2-build-linux-amd64/jdk8u5/2488/hotspot/src/share/vm/prims/jvm.cpp, line 1248]
Event: 0.393 Thread 0x00007f8f3c00a800 Exception <a 'java/security/PrivilegedActionException'> (0x00000000d6987a98) thrown at [/HUDSON/workspace/8-2-build-linux-amd64/jdk8u5/2488/hotspot/src/share/vm/prims/jvm.cpp, line 1248]
Event: 0.396 Thread 0x00007f8f3c00a800 Exception <a 'java/security/PrivilegedActionException'> (0x00000000d6997580) thrown at [/HUDSON/workspace/8-2-build-linux-amd64/jdk8u5/2488/hotspot/src/share/vm/prims/jvm.cpp, line 1248]
Event: 0.397 Thread 0x00007f8f3c00a800 Exception <a 'java/security/PrivilegedActionException'> (0x00000000d699a548) thrown at [/HUDSON/workspace/8-2-build-linux-amd64/jdk8u5/2488/hotspot/src/share/vm/prims/jvm.cpp, line 1248]
Event: 0.619 Thread 0x00007f8f3c00a800 Exception <a 'java/security/PrivilegedActionException'> (0x00000000d6a7e270) thrown at [/HUDSON/workspace/8-2-build-linux-amd64/jdk8u5/2488/hotspot/src/share/vm/prims/jvm.cpp, line 1248]
Event: 0.621 Thread 0x00007f8f3c00a800 Exception <a 'java/security/PrivilegedActionException'> (0x00000000d6a81258) thrown at [/HUDSON/workspace/8-2-build-linux-amd64/jdk8u5/2488/hotspot/src/share/vm/prims/jvm.cpp, line 1248]

Events (10 events):
Event: 23.724 loading class java/awt/AWTEvent$2
Event: 23.724 loading class java/awt/AWTEvent$2 done
Event: 23.725 loading class sun/reflect/UnsafeBooleanFieldAccessorImpl
Event: 23.725 loading class sun/reflect/UnsafeBooleanFieldAccessorImpl done
Event: 65.425 Executing VM operation: BulkRevokeBias
Event: 65.425 Executing VM operation: BulkRevokeBias done
Event: 124.208 Executing VM operation: ParallelGCFailedAllocation
Event: 124.218 Executing VM operation: ParallelGCFailedAllocation done
Event: 280.256 loading class sun/awt/X11/XDestroyWindowEvent
Event: 280.256 loading class sun/awt/X11/XDestroyWindowEvent done


Dynamic libraries:
00400000-00401000 r-xp 00000000 08:01 41814246                           /usr/lib/jvm/java-8-oracle/bin/java
00600000-00601000 rw-p 00000000 08:01 41814246                           /usr/lib/jvm/java-8-oracle/bin/java
00a39000-00a5a000 rw-p 00000000 00:00 0                                  [heap]
83c00000-8b880000 rw-p 00000000 00:00 0 
8b880000-d6980000 ---p 00000000 00:00 0 
d6980000-d7180000 rw-p 00000000 00:00 0 
d7180000-100000000 ---p 00000000 00:00 0 
100000000-100120000 rw-p 00000000 00:00 0 
100120000-140000000 ---p 00000000 00:00 0 
7f8ee8000000-7f8ee8271000 rw-p 00000000 00:00 0 
7f8ee8271000-7f8eec000000 ---p 00000000 00:00 0 
7f8eefd10000-7f8eefd88000 rw-s 00000000 00:04 28573710                   /SYSV00000000 (deleted)
7f8eefe00000-7f8eefec0000 rw-p 00000000 00:00 0 
7f8eefec0000-7f8ef0000000 ---p 00000000 00:00 0 
7f8ef0000000-7f8ef0021000 rw-p 00000000 00:00 0 
7f8ef0021000-7f8ef4000000 ---p 00000000 00:00 0 
7f8ef4000000-7f8ef4274000 rw-p 00000000 00:00 0 
7f8ef4274000-7f8ef8000000 ---p 00000000 00:00 0 
7f8ef8000000-7f8ef8021000 rw-p 00000000 00:00 0 
7f8ef8021000-7f8efc000000 ---p 00000000 00:00 0 
7f8efc000000-7f8efc021000 rw-p 00000000 00:00 0 
7f8efc021000-7f8f00000000 ---p 00000000 00:00 0 
7f8f00000000-7f8f0067a000 rw-p 00000000 00:00 0 
7f8f0067a000-7f8f04000000 ---p 00000000 00:00 0 
7f8f04000000-7f8f04021000 rw-p 00000000 00:00 0 
7f8f04021000-7f8f08000000 ---p 00000000 00:00 0 
7f8f08000000-7f8f08021000 rw-p 00000000 00:00 0 
7f8f08021000-7f8f0c000000 ---p 00000000 00:00 0 
7f8f0c000000-7f8f0d177000 rw-p 00000000 00:00 0 
7f8f0d177000-7f8f10000000 ---p 00000000 00:00 0 
7f8f10000000-7f8f10021000 rw-p 00000000 00:00 0 
7f8f10021000-7f8f14000000 ---p 00000000 00:00 0 
7f8f14000000-7f8f14021000 rw-p 00000000 00:00 0 
7f8f14021000-7f8f18000000 ---p 00000000 00:00 0 
7f8f18000000-7f8f18021000 rw-p 00000000 00:00 0 
7f8f18021000-7f8f1c000000 ---p 00000000 00:00 0 
7f8f1c000000-7f8f1c021000 rw-p 00000000 00:00 0 
7f8f1c021000-7f8f20000000 ---p 00000000 00:00 0 
7f8f2005b000-7f8f2005e000 ---p 00000000 00:00 0 
7f8f2005e000-7f8f2015c000 rw-p 00000000 00:00 0                          [stack:5974]
7f8f2015c000-7f8f2015f000 ---p 00000000 00:00 0 
7f8f2015f000-7f8f2025d000 rw-p 00000000 00:00 0                          [stack:5972]
7f8f2025d000-7f8f20260000 ---p 00000000 00:00 0 
7f8f20260000-7f8f2035e000 rw-p 00000000 00:00 0                          [stack:5971]
7f8f2035e000-7f8f20361000 ---p 00000000 00:00 0 
7f8f20361000-7f8f2045f000 rw-p 00000000 00:00 0                          [stack:5970]
7f8f2045f000-7f8f20464000 r-xp 00000000 08:01 41295290                   /usr/lib/x86_64-linux-gnu/libXfixes.so.3.1.0
7f8f20464000-7f8f20663000 ---p 00005000 08:01 41295290                   /usr/lib/x86_64-linux-gnu/libXfixes.so.3.1.0
7f8f20663000-7f8f20664000 r--p 00004000 08:01 41295290                   /usr/lib/x86_64-linux-gnu/libXfixes.so.3.1.0
7f8f20664000-7f8f20665000 rw-p 00005000 08:01 41295290                   /usr/lib/x86_64-linux-gnu/libXfixes.so.3.1.0
7f8f20665000-7f8f2066e000 r-xp 00000000 08:01 41295282                   /usr/lib/x86_64-linux-gnu/libXcursor.so.1.0.2
7f8f2066e000-7f8f2086d000 ---p 00009000 08:01 41295282                   /usr/lib/x86_64-linux-gnu/libXcursor.so.1.0.2
7f8f2086d000-7f8f2086e000 r--p 00008000 08:01 41295282                   /usr/lib/x86_64-linux-gnu/libXcursor.so.1.0.2
7f8f2086e000-7f8f2086f000 rw-p 00009000 08:01 41295282                   /usr/lib/x86_64-linux-gnu/libXcursor.so.1.0.2
7f8f2086f000-7f8f20885000 r-xp 00000000 08:01 34082683                   /lib/x86_64-linux-gnu/libgcc_s.so.1
7f8f20885000-7f8f20a84000 ---p 00016000 08:01 34082683                   /lib/x86_64-linux-gnu/libgcc_s.so.1
7f8f20a84000-7f8f20a85000 rw-p 00015000 08:01 34082683                   /lib/x86_64-linux-gnu/libgcc_s.so.1
7f8f20a85000-7f8f20aea000 r-xp 00000000 08:01 42207771                   /usr/lib/jvm/java-8-oracle/jre/lib/amd64/libfontmanager.so
7f8f20aea000-7f8f20ce9000 ---p 00065000 08:01 42207771                   /usr/lib/jvm/java-8-oracle/jre/lib/amd64/libfontmanager.so
7f8f20ce9000-7f8f20ced000 rw-p 00064000 08:01 42207771                   /usr/lib/jvm/java-8-oracle/jre/lib/amd64/libfontmanager.so
7f8f20ced000-7f8f20cfe000 rw-p 00000000 00:00 0 
7f8f20cfe000-7f8f20d01000 ---p 00000000 00:00 0 
7f8f20d01000-7f8f20dff000 rw-p 00000000 00:00 0                          [stack:5969]
7f8f20dff000-7f8f20e04000 r-xp 00000000 08:01 41295286                   /usr/lib/x86_64-linux-gnu/libXdmcp.so.6.0.0
7f8f20e04000-7f8f21003000 ---p 00005000 08:01 41295286                   /usr/lib/x86_64-linux-gnu/libXdmcp.so.6.0.0
7f8f21003000-7f8f21004000 r--p 00004000 08:01 41295286                   /usr/lib/x86_64-linux-gnu/libXdmcp.so.6.0.0
7f8f21004000-7f8f21005000 rw-p 00005000 08:01 41295286                   /usr/lib/x86_64-linux-gnu/libXdmcp.so.6.0.0
7f8f21005000-7f8f21007000 r-xp 00000000 08:01 41295275                   /usr/lib/x86_64-linux-gnu/libXau.so.6.0.0
7f8f21007000-7f8f21207000 ---p 00002000 08:01 41295275                   /usr/lib/x86_64-linux-gnu/libXau.so.6.0.0
7f8f21207000-7f8f21208000 r--p 00002000 08:01 41295275                   /usr/lib/x86_64-linux-gnu/libXau.so.6.0.0
7f8f21208000-7f8f21209000 rw-p 00003000 08:01 41295275                   /usr/lib/x86_64-linux-gnu/libXau.so.6.0.0
7f8f21209000-7f8f21226000 r-xp 00000000 08:01 41296343                   /usr/lib/x86_64-linux-gnu/libxcb.so.1.1.0
7f8f21226000-7f8f21426000 ---p 0001d000 08:01 41296343                   /usr/lib/x86_64-linux-gnu/libxcb.so.1.1.0
7f8f21426000-7f8f21427000 r--p 0001d000 08:01 41296343                   /usr/lib/x86_64-linux-gnu/libxcb.so.1.1.0
7f8f21427000-7f8f21428000 rw-p 0001e000 08:01 41296343                   /usr/lib/x86_64-linux-gnu/libxcb.so.1.1.0
7f8f21428000-7f8f21437000 r-xp 00000000 08:01 41295296                   /usr/lib/x86_64-linux-gnu/libXi.so.6.1.0
7f8f21437000-7f8f21636000 ---p 0000f000 08:01 41295296                   /usr/lib/x86_64-linux-gnu/libXi.so.6.1.0
7f8f21636000-7f8f21637000 r--p 0000e000 08:01 41295296                   /usr/lib/x86_64-linux-gnu/libXi.so.6.1.0
7f8f21637000-7f8f21638000 rw-p 0000f000 08:01 41295296                   /usr/lib/x86_64-linux-gnu/libXi.so.6.1.0
7f8f21638000-7f8f2163d000 r-xp 00000000 08:01 41295316                   /usr/lib/x86_64-linux-gnu/libXtst.so.6.1.0
7f8f2163d000-7f8f2183c000 ---p 00005000 08:01 41295316                   /usr/lib/x86_64-linux-gnu/libXtst.so.6.1.0
7f8f2183c000-7f8f2183d000 r--p 00004000 08:01 41295316                   /usr/lib/x86_64-linux-gnu/libXtst.so.6.1.0
7f8f2183d000-7f8f2183e000 rw-p 00005000 08:01 41295316                   /usr/lib/x86_64-linux-gnu/libXtst.so.6.1.0
7f8f2183e000-7f8f21847000 r-xp 00000000 08:01 41295310                   /usr/lib/x86_64-linux-gnu/libXrender.so.1.3.0
7f8f21847000-7f8f21a46000 ---p 00009000 08:01 41295310                   /usr/lib/x86_64-linux-gnu/libXrender.so.1.3.0
7f8f21a46000-7f8f21a47000 r--p 00008000 08:01 41295310                   /usr/lib/x86_64-linux-gnu/libXrender.so.1.3.0
7f8f21a47000-7f8f21a48000 rw-p 00009000 08:01 41295310                   /usr/lib/x86_64-linux-gnu/libXrender.so.1.3.0
7f8f21a48000-7f8f21b78000 r-xp 00000000 08:01 41295271                   /usr/lib/x86_64-linux-gnu/libX11.so.6.3.0
7f8f21b78000-7f8f21d78000 ---p 00130000 08:01 41295271                   /usr/lib/x86_64-linux-gnu/libX11.so.6.3.0
7f8f21d78000-7f8f21d79000 r--p 00130000 08:01 41295271                   /usr/lib/x86_64-linux-gnu/libX11.so.6.3.0
7f8f21d79000-7f8f21d7d000 rw-p 00131000 08:01 41295271                   /usr/lib/x86_64-linux-gnu/libX11.so.6.3.0
7f8f21d7d000-7f8f21d8e000 r-xp 00000000 08:01 41295288                   /usr/lib/x86_64-linux-gnu/libXext.so.6.4.0
7f8f21d8e000-7f8f21f8d000 ---p 00011000 08:01 41295288                   /usr/lib/x86_64-linux-gnu/libXext.so.6.4.0
7f8f21f8d000-7f8f21f8e000 r--p 00010000 08:01 41295288                   /usr/lib/x86_64-linux-gnu/libXext.so.6.4.0
7f8f21f8e000-7f8f21f8f000 rw-p 00011000 08:01 41295288                   /usr/lib/x86_64-linux-gnu/libXext.so.6.4.0
7f8f21f8f000-7f8f21fe0000 r-xp 00000000 08:01 42207800                   /usr/lib/jvm/java-8-oracle/jre/lib/amd64/libawt_xawt.so
7f8f21fe0000-7f8f221df000 ---p 00051000 08:01 42207800                   /usr/lib/jvm/java-8-oracle/jre/lib/amd64/libawt_xawt.so
7f8f221df000-7f8f221e3000 rw-p 00050000 08:01 42207800                   /usr/lib/jvm/java-8-oracle/jre/lib/amd64/libawt_xawt.so
7f8f221e3000-7f8f221e4000 rw-p 00000000 00:00 0 
7f8f221e4000-7f8f22287000 r-xp 00000000 08:01 42207772                   /usr/lib/jvm/java-8-oracle/jre/lib/amd64/libawt.so
7f8f22287000-7f8f22486000 ---p 000a3000 08:01 42207772                   /usr/lib/jvm/java-8-oracle/jre/lib/amd64/libawt.so
7f8f22486000-7f8f22492000 rw-p 000a2000 08:01 42207772                   /usr/lib/jvm/java-8-oracle/jre/lib/amd64/libawt.so
7f8f22492000-7f8f224e7000 rw-p 00000000 00:00 0 
7f8f224e7000-7f8f224fd000 r-xp 00000000 08:01 42207024                   /usr/lib/jvm/java-8-oracle/jre/lib/amd64/libnet.so
7f8f224fd000-7f8f226fc000 ---p 00016000 08:01 42207024                   /usr/lib/jvm/java-8-oracle/jre/lib/amd64/libnet.so
7f8f226fc000-7f8f226fd000 rw-p 00015000 08:01 42207024                   /usr/lib/jvm/java-8-oracle/jre/lib/amd64/libnet.so
7f8f226fd000-7f8f2270d000 r-xp 00000000 08:01 42206196                   /usr/lib/jvm/java-8-oracle/jre/lib/amd64/libnio.so
7f8f2270d000-7f8f2290d000 ---p 00010000 08:01 42206196                   /usr/lib/jvm/java-8-oracle/jre/lib/amd64/libnio.so
7f8f2290d000-7f8f2290e000 rw-p 00010000 08:01 42206196                   /usr/lib/jvm/java-8-oracle/jre/lib/amd64/libnio.so
7f8f2290e000-7f8f22911000 ---p 00000000 00:00 0 
7f8f22911000-7f8f22a0f000 rw-p 00000000 00:00 0                          [stack:5968]
7f8f22a0f000-7f8f22a10000 r-xp 00000000 08:01 44697132                   /bin/idea-IC-135.690/bin/libbreakgen64.so
7f8f22a10000-7f8f22c0f000 ---p 00001000 08:01 44697132                   /bin/idea-IC-135.690/bin/libbreakgen64.so
7f8f22c0f000-7f8f22c10000 r--p 00000000 08:01 44697132                   /bin/idea-IC-135.690/bin/libbreakgen64.so
7f8f22c10000-7f8f22c11000 rw-p 00001000 08:01 44697132                   /bin/idea-IC-135.690/bin/libbreakgen64.so
7f8f22c11000-7f8f22c12000 ---p 00000000 00:00 0 
7f8f22c12000-7f8f22d12000 rw-p 00000000 00:00 0                          [stack:5967]
7f8f22d12000-7f8f22d15000 ---p 00000000 00:00 0 
7f8f22d15000-7f8f22e13000 rw-p 00000000 00:00 0                          [stack:5966]
7f8f22e13000-7f8f22e16000 ---p 00000000 00:00 0 
7f8f22e16000-7f8f22f14000 rw-p 00000000 00:00 0                          [stack:5965]
7f8f22f14000-7f8f22f17000 ---p 00000000 00:00 0 
7f8f22f17000-7f8f23015000 rw-p 00000000 00:00 0                          [stack:5964]
7f8f23015000-7f8f23018000 ---p 00000000 00:00 0 
7f8f23018000-7f8f23116000 rw-p 00000000 00:00 0                          [stack:5963]
7f8f23116000-7f8f237f8000 r--p 00000000 08:01 41294376                   /usr/lib/locale/locale-archive
7f8f237f8000-7f8f237fb000 ---p 00000000 00:00 0 
7f8f237fb000-7f8f238f9000 rw-p 00000000 00:00 0                          [stack:5962]
7f8f238f9000-7f8f238fc000 ---p 00000000 00:00 0 
7f8f238fc000-7f8f239fa000 rw-p 00000000 00:00 0                          [stack:5961]
7f8f239fa000-7f8f239fb000 ---p 00000000 00:00 0 
7f8f239fb000-7f8f24000000 rw-p 00000000 00:00 0                          [stack:5960]
7f8f24000000-7f8f24021000 rw-p 00000000 00:00 0 
7f8f24021000-7f8f28000000 ---p 00000000 00:00 0 
7f8f28025000-7f8f28429000 rw-p 00000000 00:00 0 
7f8f28429000-7f8f285fe000 r--s 03c4d000 08:01 42076988                   /usr/lib/jvm/java-8-oracle/jre/lib/rt.jar
7f8f285fe000-7f8f2d000000 rw-p 00000000 00:00 0 
7f8f2d000000-7f8f2d300000 rwxp 00000000 00:00 0 
7f8f2d300000-7f8f3c000000 ---p 00000000 00:00 0 
7f8f3c000000-7f8f3c552000 rw-p 00000000 00:00 0 
7f8f3c552000-7f8f40000000 ---p 00000000 00:00 0 
7f8f40012000-7f8f4002b000 r--s 001df000 08:01 42076992                   /usr/lib/jvm/java-8-oracle/jre/lib/deploy.jar
7f8f4002b000-7f8f4003e000 r--s 00345000 08:01 42076990                   /usr/lib/jvm/java-8-oracle/jre/lib/resources.jar
7f8f4003e000-7f8f40051000 r--s 000d5000 08:01 42076978                   /usr/lib/jvm/java-8-oracle/jre/lib/plugin.jar
7f8f40051000-7f8f40158000 rw-p 00000000 00:00 0 
7f8f40158000-7f8f40159000 ---p 00000000 00:00 0 
7f8f40159000-7f8f40259000 rw-p 00000000 00:00 0                          [stack:5959]
7f8f40259000-7f8f4025a000 ---p 00000000 00:00 0 
7f8f4025a000-7f8f40399000 rw-p 00000000 00:00 0                          [stack:5958]
7f8f40399000-7f8f405f1000 ---p 00000000 00:00 0 
7f8f405f1000-7f8f40630000 rw-p 00000000 00:00 0 
7f8f40630000-7f8f40887000 ---p 00000000 00:00 0 
7f8f40887000-7f8f4088c000 rw-p 00000000 00:00 0 
7f8f4088c000-7f8f409d3000 ---p 00000000 00:00 0 
7f8f409d3000-7f8f409e0000 rw-p 00000000 00:00 0 
7f8f409e0000-7f8f40d94000 ---p 00000000 00:00 0 
7f8f40d94000-7f8f40db0000 r-xp 00000000 08:01 42207806                   /usr/lib/jvm/java-8-oracle/jre/lib/amd64/libzip.so
7f8f40db0000-7f8f40faf000 ---p 0001c000 08:01 42207806                   /usr/lib/jvm/java-8-oracle/jre/lib/amd64/libzip.so
7f8f40faf000-7f8f40fb0000 rw-p 0001b000 08:01 42207806                   /usr/lib/jvm/java-8-oracle/jre/lib/amd64/libzip.so
7f8f40fb0000-7f8f40fbb000 r-xp 00000000 08:01 34082731                   /lib/x86_64-linux-gnu/libnss_files-2.19.so
7f8f40fbb000-7f8f411ba000 ---p 0000b000 08:01 34082731                   /lib/x86_64-linux-gnu/libnss_files-2.19.so
7f8f411ba000-7f8f411bb000 r--p 0000a000 08:01 34082731                   /lib/x86_64-linux-gnu/libnss_files-2.19.so
7f8f411bb000-7f8f411bc000 rw-p 0000b000 08:01 34082731                   /lib/x86_64-linux-gnu/libnss_files-2.19.so
7f8f411bc000-7f8f411c7000 r-xp 00000000 08:01 34082741                   /lib/x86_64-linux-gnu/libnss_nis-2.19.so
7f8f411c7000-7f8f413c6000 ---p 0000b000 08:01 34082741                   /lib/x86_64-linux-gnu/libnss_nis-2.19.so
7f8f413c6000-7f8f413c7000 r--p 0000a000 08:01 34082741                   /lib/x86_64-linux-gnu/libnss_nis-2.19.so
7f8f413c7000-7f8f413c8000 rw-p 0000b000 08:01 34082741                   /lib/x86_64-linux-gnu/libnss_nis-2.19.so
7f8f413c8000-7f8f413df000 r-xp 00000000 08:01 34082725                   /lib/x86_64-linux-gnu/libnsl-2.19.so
7f8f413df000-7f8f415de000 ---p 00017000 08:01 34082725                   /lib/x86_64-linux-gnu/libnsl-2.19.so
7f8f415de000-7f8f415df000 r--p 00016000 08:01 34082725                   /lib/x86_64-linux-gnu/libnsl-2.19.so
7f8f415df000-7f8f415e0000 rw-p 00017000 08:01 34082725                   /lib/x86_64-linux-gnu/libnsl-2.19.so
7f8f415e0000-7f8f415e2000 rw-p 00000000 00:00 0 
7f8f415e2000-7f8f415eb000 r-xp 00000000 08:01 34082727                   /lib/x86_64-linux-gnu/libnss_compat-2.19.so
7f8f415eb000-7f8f417ea000 ---p 00009000 08:01 34082727                   /lib/x86_64-linux-gnu/libnss_compat-2.19.so
7f8f417ea000-7f8f417eb000 r--p 00008000 08:01 34082727                   /lib/x86_64-linux-gnu/libnss_compat-2.19.so
7f8f417eb000-7f8f417ec000 rw-p 00009000 08:01 34082727                   /lib/x86_64-linux-gnu/libnss_compat-2.19.so
7f8f417ec000-7f8f41816000 r-xp 00000000 08:01 42207780                   /usr/lib/jvm/java-8-oracle/jre/lib/amd64/libjava.so
7f8f41816000-7f8f41a16000 ---p 0002a000 08:01 42207780                   /usr/lib/jvm/java-8-oracle/jre/lib/amd64/libjava.so
7f8f41a16000-7f8f41a18000 rw-p 0002a000 08:01 42207780                   /usr/lib/jvm/java-8-oracle/jre/lib/amd64/libjava.so
7f8f41a18000-7f8f41a25000 r-xp 00000000 08:01 42207799                   /usr/lib/jvm/java-8-oracle/jre/lib/amd64/libverify.so
7f8f41a25000-7f8f41c25000 ---p 0000d000 08:01 42207799                   /usr/lib/jvm/java-8-oracle/jre/lib/amd64/libverify.so
7f8f41c25000-7f8f41c27000 rw-p 0000d000 08:01 42207799                   /usr/lib/jvm/java-8-oracle/jre/lib/amd64/libverify.so
7f8f41c27000-7f8f41c2e000 r-xp 00000000 08:01 34082784                   /lib/x86_64-linux-gnu/librt-2.19.so
7f8f41c2e000-7f8f41e2d000 ---p 00007000 08:01 34082784                   /lib/x86_64-linux-gnu/librt-2.19.so
7f8f41e2d000-7f8f41e2e000 r--p 00006000 08:01 34082784                   /lib/x86_64-linux-gnu/librt-2.19.so
7f8f41e2e000-7f8f41e2f000 rw-p 00007000 08:01 34082784                   /lib/x86_64-linux-gnu/librt-2.19.so
7f8f41e2f000-7f8f41f34000 r-xp 00000000 08:01 34082706                   /lib/x86_64-linux-gnu/libm-2.19.so
7f8f41f34000-7f8f42133000 ---p 00105000 08:01 34082706                   /lib/x86_64-linux-gnu/libm-2.19.so
7f8f42133000-7f8f42134000 r--p 00104000 08:01 34082706                   /lib/x86_64-linux-gnu/libm-2.19.so
7f8f42134000-7f8f42135000 rw-p 00105000 08:01 34082706                   /lib/x86_64-linux-gnu/libm-2.19.so
7f8f42135000-7f8f42d4f000 r-xp 00000000 08:01 42336917                   /usr/lib/jvm/java-8-oracle/jre/lib/amd64/server/libjvm.so
7f8f42d4f000-7f8f42f4e000 ---p 00c1a000 08:01 42336917                   /usr/lib/jvm/java-8-oracle/jre/lib/amd64/server/libjvm.so
7f8f42f4e000-7f8f43017000 rw-p 00c19000 08:01 42336917                   /usr/lib/jvm/java-8-oracle/jre/lib/amd64/server/libjvm.so
7f8f43017000-7f8f43058000 rw-p 00000000 00:00 0 
7f8f43058000-7f8f43214000 r-xp 00000000 08:01 34082656                   /lib/x86_64-linux-gnu/libc-2.19.so
7f8f43214000-7f8f43413000 ---p 001bc000 08:01 34082656                   /lib/x86_64-linux-gnu/libc-2.19.so
7f8f43413000-7f8f43417000 r--p 001bb000 08:01 34082656                   /lib/x86_64-linux-gnu/libc-2.19.so
7f8f43417000-7f8f43419000 rw-p 001bf000 08:01 34082656                   /lib/x86_64-linux-gnu/libc-2.19.so
7f8f43419000-7f8f4341e000 rw-p 00000000 00:00 0 
7f8f4341e000-7f8f43421000 r-xp 00000000 08:01 34082673                   /lib/x86_64-linux-gnu/libdl-2.19.so
7f8f43421000-7f8f43620000 ---p 00003000 08:01 34082673                   /lib/x86_64-linux-gnu/libdl-2.19.so
7f8f43620000-7f8f43621000 r--p 00002000 08:01 34082673                   /lib/x86_64-linux-gnu/libdl-2.19.so
7f8f43621000-7f8f43622000 rw-p 00003000 08:01 34082673                   /lib/x86_64-linux-gnu/libdl-2.19.so
7f8f43622000-7f8f43639000 r-xp 00000000 08:01 44697782                   /usr/lib/jvm/java-8-oracle/lib/amd64/jli/libjli.so
7f8f43639000-7f8f43838000 ---p 00017000 08:01 44697782                   /usr/lib/jvm/java-8-oracle/lib/amd64/jli/libjli.so
7f8f43838000-7f8f43839000 rw-p 00016000 08:01 44697782                   /usr/lib/jvm/java-8-oracle/lib/amd64/jli/libjli.so
7f8f43839000-7f8f43852000 r-xp 00000000 08:01 34082776                   /lib/x86_64-linux-gnu/libpthread-2.19.so
7f8f43852000-7f8f43a51000 ---p 00019000 08:01 34082776                   /lib/x86_64-linux-gnu/libpthread-2.19.so
7f8f43a51000-7f8f43a52000 r--p 00018000 08:01 34082776                   /lib/x86_64-linux-gnu/libpthread-2.19.so
7f8f43a52000-7f8f43a53000 rw-p 00019000 08:01 34082776                   /lib/x86_64-linux-gnu/libpthread-2.19.so
7f8f43a53000-7f8f43a57000 rw-p 00000000 00:00 0 
7f8f43a57000-7f8f43a7a000 r-xp 00000000 08:01 34082632                   /lib/x86_64-linux-gnu/ld-2.19.so
7f8f43a7c000-7f8f43a85000 r--s 00067000 08:01 42077007                   /usr/lib/jvm/java-8-oracle/jre/lib/javaws.jar
7f8f43a85000-7f8f43a8b000 r--s 002f7000 08:01 42077001                   /usr/lib/jvm/java-8-oracle/jre/lib/charsets.jar
7f8f43a8b000-7f8f43b56000 rw-p 00000000 00:00 0 
7f8f43b56000-7f8f43b59000 ---p 00000000 00:00 0 
7f8f43b59000-7f8f43c5b000 rw-p 00000000 00:00 0                          [stack:5957]
7f8f43c5b000-7f8f43c5d000 r--s 00015000 08:01 44696144                   /bin/idea-IC-135.690/lib/idea_rt.jar
7f8f43c5d000-7f8f43c62000 r--s 00092000 08:01 42076986                   /usr/lib/jvm/java-8-oracle/jre/lib/jsse.jar
7f8f43c62000-7f8f43c65000 r--s 00019000 08:01 42076983                   /usr/lib/jvm/java-8-oracle/jre/lib/jce.jar
7f8f43c65000-7f8f43c67000 r--s 00009000 08:01 42076982                   /usr/lib/jvm/java-8-oracle/jre/lib/jfxswt.jar
7f8f43c67000-7f8f43c68000 r--s 00000000 08:01 42076979                   /usr/lib/jvm/java-8-oracle/jre/lib/management-agent.jar
7f8f43c68000-7f8f43c6d000 r--s 00078000 08:01 42076977                   /usr/lib/jvm/java-8-oracle/jre/lib/jfr.jar
7f8f43c6d000-7f8f43c75000 rw-s 00000000 08:01 24905348                   /tmp/hsperfdata_jeremy/5955
7f8f43c75000-7f8f43c76000 rw-p 00000000 00:00 0 
7f8f43c76000-7f8f43c77000 r--p 00000000 00:00 0 
7f8f43c77000-7f8f43c79000 rw-p 00000000 00:00 0 
7f8f43c79000-7f8f43c7a000 r--p 00022000 08:01 34082632                   /lib/x86_64-linux-gnu/ld-2.19.so
7f8f43c7a000-7f8f43c7b000 rw-p 00023000 08:01 34082632                   /lib/x86_64-linux-gnu/ld-2.19.so
7f8f43c7b000-7f8f43c7c000 rw-p 00000000 00:00 0 
7fff72e4c000-7fff72e6d000 rw-p 00000000 00:00 0                          [stack]
7fff72e6e000-7fff72e70000 r-xp 00000000 00:00 0                          [vdso]
ffffffffff600000-ffffffffff601000 r-xp 00000000 00:00 0                  [vsyscall]

VM Arguments:
jvm_args: -Didea.launcher.port=7548 -Didea.launcher.bin.path=/bin/idea-IC-135.690/bin -Dfile.encoding=UTF-8 
java_command: com.intellij.rt.execution.application.AppMain main.Main
java_class_path (initial): /usr/lib/jvm/java-8-oracle/jre/lib/jfr.jar:/usr/lib/jvm/java-8-oracle/jre/lib/plugin.jar:/usr/lib/jvm/java-8-oracle/jre/lib/management-agent.jar:/usr/lib/jvm/java-8-oracle/jre/lib/jfxswt.jar:/usr/lib/jvm/java-8-oracle/jre/lib/jce.jar:/usr/lib/jvm/java-8-oracle/jre/lib/jsse.jar:/usr/lib/jvm/java-8-oracle/jre/lib/rt.jar:/usr/lib/jvm/java-8-oracle/jre/lib/resources.jar:/usr/lib/jvm/java-8-oracle/jre/lib/deploy.jar:/usr/lib/jvm/java-8-oracle/jre/lib/charsets.jar:/usr/lib/jvm/java-8-oracle/jre/lib/javaws.jar:/usr/lib/jvm/java-8-oracle/jre/lib/ext/sunjce_provider.jar:/usr/lib/jvm/java-8-oracle/jre/lib/ext/sunpkcs11.jar:/usr/lib/jvm/java-8-oracle/jre/lib/ext/localedata.jar:/usr/lib/jvm/java-8-oracle/jre/lib/ext/jfxrt.jar:/usr/lib/jvm/java-8-oracle/jre/lib/ext/sunec.jar:/usr/lib/jvm/java-8-oracle/jre/lib/ext/cldrdata.jar:/usr/lib/jvm/java-8-oracle/jre/lib/ext/zipfs.jar:/usr/lib/jvm/java-8-oracle/jre/lib/ext/dnsns.jar:/usr/lib/jvm/java-8-oracle/jre/lib/ext/nashorn.jar:/home/jeremy/Robotics/APComSciGame/out/production/APComSciGame:/bin/idea-IC-135.690/lib/idea_rt.jar
Launcher Type: SUN_STANDARD

Environment Variables:
JAVA_HOME=/usr/lib/jvm/java-8-oracle
CLASSPATH=/bin/idea-IC-135.690/bin/../lib/bootstrap.jar:/bin/idea-IC-135.690/bin/../lib/extensions.jar:/bin/idea-IC-135.690/bin/../lib/util.jar:/bin/idea-IC-135.690/bin/../lib/jdom.jar:/bin/idea-IC-135.690/bin/../lib/log4j.jar:/bin/idea-IC-135.690/bin/../lib/trove4j.jar:/bin/idea-IC-135.690/bin/../lib/jna.jar:/usr/lib/jvm/java-8-oracle/lib/tools.jar
PATH=/usr/local/sbin:/usr/local/bin:/usr/sbin:/usr/bin:/sbin:/bin:/usr/games:/usr/local/games:/usr/lib/jvm/java-8-oracle/bin:/usr/lib/jvm/java-8-oracle/db/bin:/usr/lib/jvm/java-8-oracle/jre/bin
LD_LIBRARY_PATH=/bin/idea-IC-135.690/bin:
SHELL=/bin/bash
DISPLAY=:0

Signal Handlers:
SIGSEGV: [libjvm.so+0xa2fc90], sa_mask[0]=0x7ffbfeff, sa_flags=0x10000004
SIGBUS: [libjvm.so+0xa2fc90], sa_mask[0]=0x7ffbfeff, sa_flags=0x10000004
SIGFPE: [libjvm.so+0x89b4b0], sa_mask[0]=0x7ffbfeff, sa_flags=0x10000004
SIGPIPE: [libjvm.so+0x89b4b0], sa_mask[0]=0x7ffbfeff, sa_flags=0x10000004
SIGXFSZ: [libjvm.so+0x89b4b0], sa_mask[0]=0x7ffbfeff, sa_flags=0x10000004
SIGILL: [libjvm.so+0x89b4b0], sa_mask[0]=0x7ffbfeff, sa_flags=0x10000004
SIGUSR1: SIG_DFL, sa_mask[0]=0x00000000, sa_flags=0x00000000
SIGUSR2: [libjvm.so+0x89cc50], sa_mask[0]=0x00000004, sa_flags=0x10000004
SIGHUP: [libjvm.so+0x89df00], sa_mask[0]=0x7ffbfeff, sa_flags=0x10000004
SIGINT: [libjvm.so+0x89df00], sa_mask[0]=0x7ffbfeff, sa_flags=0x10000004
SIGTERM: [libjvm.so+0x89df00], sa_mask[0]=0x7ffbfeff, sa_flags=0x10000004
SIGQUIT: [libjvm.so+0x89df00], sa_mask[0]=0x7ffbfeff, sa_flags=0x10000004


---------------  S Y S T E M  ---------------

OS:DISTRIB_ID=Ubuntu
DISTRIB_RELEASE=14.04
DISTRIB_CODENAME=trusty
DISTRIB_DESCRIPTION="Ubuntu 14.04 LTS"

uname:Linux 3.13.0-27-generic #50-Ubuntu SMP Thu May 15 18:06:16 UTC 2014 x86_64
libc:glibc 2.19 NPTL 2.19 
rlimit: STACK 8192k, CORE 0k, NPROC 63437, NOFILE 4096, AS infinity
load average:0.34 0.26 0.41

/proc/meminfo:
MemTotal:        8141596 kB
MemFree:         6870244 kB
Buffers:           44780 kB
Cached:           648892 kB
SwapCached:            0 kB
Active:           696936 kB
Inactive:         417568 kB
Active(anon):     421944 kB
Inactive(anon):     3572 kB
Active(file):     274992 kB
Inactive(file):   413996 kB
Unevictable:          32 kB
Mlocked:              32 kB
SwapTotal:       8350716 kB
SwapFree:        8350716 kB
Dirty:               284 kB
Writeback:             0 kB
AnonPages:        389652 kB
Mapped:            61996 kB
Shmem:              4604 kB
Slab:              56224 kB
SReclaimable:      32800 kB
SUnreclaim:        23424 kB
KernelStack:        2176 kB
PageTables:         8512 kB
NFS_Unstable:          0 kB
Bounce:                0 kB
WritebackTmp:          0 kB
CommitLimit:    12421512 kB
Committed_AS:    1470004 kB
VmallocTotal:   34359738367 kB
VmallocUsed:      297628 kB
VmallocChunk:   34359425020 kB
HardwareCorrupted:     0 kB
AnonHugePages:    325632 kB
HugePages_Total:       0
HugePages_Free:        0
HugePages_Rsvd:        0
HugePages_Surp:        0
Hugepagesize:       2048 kB
DirectMap4k:       64864 kB
DirectMap2M:     8288256 kB


CPU:total 2 (2 cores per cpu, 1 threads per core) family 6 model 23 stepping 10, cmov, cx8, fxsr, mmx, sse, sse2, sse3, ssse3, sse4.1, tsc

/proc/cpuinfo:
processor	: 0
vendor_id	: GenuineIntel
cpu family	: 6
model		: 23
model name	: Intel(R) Core(TM)2 Duo CPU     P7450  @ 2.13GHz
stepping	: 10
microcode	: 0xa07
cpu MHz		: 2133.000
cache size	: 3072 KB
physical id	: 0
siblings	: 2
core id		: 0
cpu cores	: 2
apicid		: 0
initial apicid	: 0
fpu		: yes
fpu_exception	: yes
cpuid level	: 13
wp		: yes
flags		: fpu vme de pse tsc msr pae mce cx8 apic sep mtrr pge mca cmov pat pse36 clflush dts acpi mmx fxsr sse sse2 ss ht tm pbe syscall nx lm constant_tsc arch_perfmon pebs bts rep_good nopl aperfmperf pni dtes64 monitor ds_cpl est tm2 ssse3 cx16 xtpr pdcm sse4_1 xsave lahf_lm dtherm
bogomips	: 4256.73
clflush size	: 64
cache_alignment	: 64
address sizes	: 36 bits physical, 48 bits virtual
power management:

processor	: 1
vendor_id	: GenuineIntel
cpu family	: 6
model		: 23
model name	: Intel(R) Core(TM)2 Duo CPU     P7450  @ 2.13GHz
stepping	: 10
microcode	: 0xa07
cpu MHz		: 2133.000
cache size	: 3072 KB
physical id	: 0
siblings	: 2
core id		: 1
cpu cores	: 2
apicid		: 1
initial apicid	: 1
fpu		: yes
fpu_exception	: yes
cpuid level	: 13
wp		: yes
flags		: fpu vme de pse tsc msr pae mce cx8 apic sep mtrr pge mca cmov pat pse36 clflush dts acpi mmx fxsr sse sse2 ss ht tm pbe syscall nx lm constant_tsc arch_perfmon pebs bts rep_good nopl aperfmperf pni dtes64 monitor ds_cpl est tm2 ssse3 cx16 xtpr pdcm sse4_1 xsave lahf_lm dtherm
bogomips	: 4256.73
clflush size	: 64
cache_alignment	: 64
address sizes	: 36 bits physical, 48 bits virtual
power management:



Memory: 4k page, physical 8141596k(6870244k free), swap 8350716k(8350716k free)

vm_info: Java HotSpot(TM) 64-Bit Server VM (25.5-b02) for linux-amd64 JRE (1.8.0_05-b13), built on Mar 18 2014 00:29:27 by "java_re" with gcc 4.3.0 20080428 (Red Hat 4.3.0-8)

time: Fri May 30 14:15:24 2014
elapsed time: 280 seconds

